05-06-2020 @ 22:30:07 - Request
Request
method:
uri: listLocationsWithHttpInfo
user-agent: WooCommerce-Square/2.1.4 (WooCommerce/4.1.0; WordPress/5.4.1)
headers: Array
(
)
body:
duration: 0.69877s

05-06-2020 @ 22:30:07 - Response
Response
code: 200
message:
headers: Array
(
    [0] => HTTP/2 200
    [content-type] => application/json
    [square-version] => 2019-08-14
    [vary] => Origin, Accept-Encoding
    [x-content-type-options] => nosniff
    [x-download-options] => noopen
    [x-frame-options] => SAMEORIGIN
    [x-permitted-cross-domain-policies] => none
    [x-xss-protection] => 1; mode=block
    [date] => Thu, 07 May 2020 02:30:06 GMT
    [content-length] => 507
    [strict-transport-security] => max-age=631152000; includeSubDomains; preload
)
body: {
    "locations": [
        {
            "id": "8HDN7TNTTCXX6",
            "name": "Default Test Account",
            "address": {
                "address_line_1": "80 Wellington St",
                "locality": "Ottawa",
                "administrative_district_level_1": "ON",
                "postal_code": "K1A 0A2",
                "country": "CA"
            },
            "timezone": "Etc\/UTC",
            "capabilities": [
                "CREDIT_CARD_PROCESSING"
            ],
            "status": "ACTIVE",
            "created_at": "2020-05-06T13:59:11Z",
            "merchant_id": "Q9X177KFPCPM8",
            "country": "CA",
            "language_code": "en-CA",
            "currency": "CAD",
            "business_name": "Default Test Account",
            "type": "PHYSICAL",
            "business_hours": {}
        }
    ]
}

05-06-2020 @ 22:32:32 - Request
Request
method:
uri: listLocationsWithHttpInfo
user-agent: WooCommerce-Square/2.1.4 (WooCommerce/4.1.0; WordPress/5.4.1)
headers: Array
(
)
body:
duration: 0.58913s

05-06-2020 @ 22:32:32 - Response
Response
code: 200
message:
headers: Array
(
    [0] => HTTP/2 200
    [content-type] => application/json
    [square-version] => 2019-08-14
    [vary] => Origin, Accept-Encoding
    [x-content-type-options] => nosniff
    [x-download-options] => noopen
    [x-frame-options] => SAMEORIGIN
    [x-permitted-cross-domain-policies] => none
    [x-xss-protection] => 1; mode=block
    [date] => Thu, 07 May 2020 02:32:32 GMT
    [content-length] => 507
    [strict-transport-security] => max-age=631152000; includeSubDomains; preload
)
body: {
    "locations": [
        {
            "id": "8HDN7TNTTCXX6",
            "name": "Default Test Account",
            "address": {
                "address_line_1": "80 Wellington St",
                "locality": "Ottawa",
                "administrative_district_level_1": "ON",
                "postal_code": "K1A 0A2",
                "country": "CA"
            },
            "timezone": "Etc\/UTC",
            "capabilities": [
                "CREDIT_CARD_PROCESSING"
            ],
            "status": "ACTIVE",
            "created_at": "2020-05-06T13:59:11Z",
            "merchant_id": "Q9X177KFPCPM8",
            "country": "CA",
            "language_code": "en-CA",
            "currency": "CAD",
            "business_name": "Default Test Account",
            "type": "PHYSICAL",
            "business_hours": {}
        }
    ]
}

05-06-2020 @ 22:33:44 - Request
Request
method:
uri: listLocationsWithHttpInfo
user-agent: WooCommerce-Square/2.1.4 (WooCommerce/4.1.0; WordPress/5.4.1)
headers: Array
(
)
body:
duration: 0.44052s

05-06-2020 @ 22:33:44 - Response
Response
code: 200
message:
headers: Array
(
    [0] => HTTP/2 200
    [content-type] => application/json
    [square-version] => 2019-08-14
    [vary] => Origin, Accept-Encoding
    [x-content-type-options] => nosniff
    [x-download-options] => noopen
    [x-frame-options] => SAMEORIGIN
    [x-permitted-cross-domain-policies] => none
    [x-xss-protection] => 1; mode=block
    [date] => Thu, 07 May 2020 02:33:44 GMT
    [content-length] => 507
    [strict-transport-security] => max-age=631152000; includeSubDomains; preload
)
body: {
    "locations": [
        {
            "id": "8HDN7TNTTCXX6",
            "name": "Default Test Account",
            "address": {
                "address_line_1": "80 Wellington St",
                "locality": "Ottawa",
                "administrative_district_level_1": "ON",
                "postal_code": "K1A 0A2",
                "country": "CA"
            },
            "timezone": "Etc\/UTC",
            "capabilities": [
                "CREDIT_CARD_PROCESSING"
            ],
            "status": "ACTIVE",
            "created_at": "2020-05-06T13:59:11Z",
            "merchant_id": "Q9X177KFPCPM8",
            "country": "CA",
            "language_code": "en-CA",
            "currency": "CAD",
            "business_name": "Default Test Account",
            "type": "PHYSICAL",
            "business_hours": {}
        }
    ]
}

