05-20-2020 @ 11:54:27 - Square.js Response:
 Array
(
    [digital_wallet_type] => NONE
    [card_brand] => VISA
    [last_4] => 1111
    [exp_month] => 6
    [exp_year] => 2022
    [billing_postal_code] => K2A 0Y2
)

05-20-2020 @ 11:54:28 - Request
method:
uri: createOrderWithHttpInfo/8HDN7TNTTCXX6
user-agent: WooCommerce-Square/2.1.4 (WooCommerce/4.1.0; WordPress/5.4.1)
headers: Array
(
)
body: {
    "order": {
        "reference_id": "117",
        "line_items": [
            {
                "name": "Beatles Let it be",
                "quantity": "2",
                "applied_taxes": [],
                "base_price_money": {
                    "amount": 1800,
                    "currency": "CAD"
                }
            }
        ],
        "taxes": []
    },
    "idempotency_key": "6db0f1d2d879ceeef363cf5a065c8915:117"
}
duration: 0.79512s

05-20-2020 @ 11:54:28 - Response
code: 200
message:
headers: Array
(
    [0] => HTTP/2 200
    [date] => Wed, 20 May 2020 15:54:28 GMT
    [frame-options] => DENY
    [x-frame-options] => DENY
    [x-content-type-options] => nosniff
    [x-xss-protection] => 1; mode=block
    [content-type] => application/json;charset=utf-8
    [square-version] => 2019-08-14
    [vary] => Accept-Encoding, User-Agent
    [strict-transport-security] => max-age=631152000; includeSubDomains; preload
)
body: {
    "order": {
        "id": "dbdlFoJHWljUNy0oeM4Y3nh5Kb4F",
        "location_id": "8HDN7TNTTCXX6",
        "reference_id": "117",
        "source": {
            "name": "Sandbox for sq0idp-gRf8qWctHlppoJEs_Xm28w"
        },
        "line_items": [
            {
                "uid": "XhxkSodOLTevTGTcs7OVOD",
                "name": "Beatles Let it be",
                "quantity": "2",
                "base_price_money": {
                    "amount": 1800,
                    "currency": "CAD"
                },
                "variation_total_price_money": {
                    "amount": 3600,
                    "currency": "CAD"
                },
                "gross_sales_money": {
                    "amount": 3600,
                    "currency": "CAD"
                },
                "total_tax_money": {
                    "amount": 0,
                    "currency": "CAD"
                },
                "total_discount_money": {
                    "amount": 0,
                    "currency": "CAD"
                },
                "total_money": {
                    "amount": 3600,
                    "currency": "CAD"
                }
            }
        ],
        "net_amounts": {
            "total_money": {
                "amount": 3600,
                "currency": "CAD"
            },
            "tax_money": {
                "amount": 0,
                "currency": "CAD"
            },
            "discount_money": {
                "amount": 0,
                "currency": "CAD"
            },
            "tip_money": {
                "amount": 0,
                "currency": "CAD"
            },
            "service_charge_money": {
                "amount": 0,
                "currency": "CAD"
            }
        },
        "created_at": "2020-05-20T15:54:28.501Z",
        "updated_at": "2020-05-20T15:54:28.501Z",
        "state": "OPEN",
        "version": 1,
        "total_money": {
            "amount": 3600,
            "currency": "CAD"
        },
        "total_tax_money": {
            "amount": 0,
            "currency": "CAD"
        },
        "total_discount_money": {
            "amount": 0,
            "currency": "CAD"
        },
        "total_service_charge_money": {
            "amount": 0,
            "currency": "CAD"
        }
    }
}

05-20-2020 @ 11:54:30 - Request
method:
uri: chargeWithHttpInfo/8HDN7TNTTCXX6
user-agent: WooCommerce-Square/2.1.4 (WooCommerce/4.1.0; WordPress/5.4.1)
headers: Array
(
)
body: {
    "idempotency_key": "6db0f1d2d879ceeef363cf5a065c8915:117",
    "amount_money": {
        "amount": 3600,
        "currency": "CAD"
    },
    "card_nonce": "cnon:CBASEDwzDS5ON3GewEIQmhncSC0",
    "delay_capture": false,
    "reference_id": "117",
    "note": "BUSINESS1 - Order 117",
    "customer_id": "Y82YE25Q9GSKS72EXY1H824E9M",
    "billing_address": {
        "address_line_1": "256 Carling",
        "address_line_2": "",
        "locality": "Ottawa",
        "administrative_district_level_1": "ON",
        "postal_code": "K2A 0Y2",
        "country": "CA",
        "first_name": "Sam",
        "last_name": "Anderson",
        "organization": ""
    },
    "buyer_email_address": "schmidtandeson@gmail.com",
    "order_id": "dbdlFoJHWljUNy0oeM4Y3nh5Kb4F",
    "verification_token": "verf:b7675674-2dc0-46c5-bfba-69f6abf80c0e"
}
duration: 1.45917s

05-20-2020 @ 11:54:30 - Response
code: 200
message:
headers: Array
(
    [0] => HTTP/2 200
    [content-type] => application/json
    [square-version] => 2019-08-14
    [vary] => Origin, Accept-Encoding
    [x-content-type-options] => nosniff
    [x-download-options] => noopen
    [x-frame-options] => SAMEORIGIN
    [x-permitted-cross-domain-policies] => none
    [x-xss-protection] => 1; mode=block
    [date] => Wed, 20 May 2020 15:54:29 GMT
    [content-length] => 699
    [strict-transport-security] => max-age=631152000; includeSubDomains; preload
)
body: {
    "transaction": {
        "id": "dbdlFoJHWljUNy0oeM4Y3nh5Kb4F",
        "location_id": "8HDN7TNTTCXX6",
        "created_at": "2020-05-20T15:54:29Z",
        "tenders": [
            {
                "id": "Z8ypuWhzU7dXlKlvPfIMyhHEuaB",
                "location_id": "8HDN7TNTTCXX6",
                "transaction_id": "dbdlFoJHWljUNy0oeM4Y3nh5Kb4F",
                "created_at": "2020-05-20T15:54:29Z",
                "note": "BUSINESS1 - Order 117",
                "amount_money": {
                    "amount": 3600,
                    "currency": "CAD"
                },
                "customer_id": "Y82YE25Q9GSKS72EXY1H824E9M",
                "type": "CARD",
                "card_details": {
                    "status": "CAPTURED",
                    "card": {
                        "card_brand": "VISA",
                        "last_4": "1111",
                        "fingerprint": "sq-1-b44pvxfHPTyKGjbJlDoo6-Y1ZQk1tSZOnT3FDxkAhnNnckkHnPqa8zRUNtUCEENyMw"
                    },
                    "entry_method": "KEYED"
                }
            }
        ],
        "reference_id": "117",
        "product": "EXTERNAL_API",
        "order_id": "dbdlFoJHWljUNy0oeM4Y3nh5Kb4F"
    }
}

05-20-2020 @ 12:07:08 - Square.js Response:
 Array
(
    [digital_wallet_type] => NONE
    [card_brand] => VISA
    [last_4] => 1111
    [exp_month] => 6
    [exp_year] => 2022
    [billing_postal_code] => K2A 0Y2
)

05-20-2020 @ 12:07:09 - Request
method:
uri: createOrderWithHttpInfo/8HDN7TNTTCXX6
user-agent: WooCommerce-Square/2.1.4 (WooCommerce/4.1.0; WordPress/5.4.1)
headers: Array
(
)
body: {
    "order": {
        "reference_id": "118",
        "line_items": [
            {
                "name": "B-Work from Home",
                "quantity": "1",
                "applied_taxes": [],
                "base_price_money": {
                    "amount": 1500,
                    "currency": "CAD"
                }
            }
        ],
        "taxes": []
    },
    "idempotency_key": "6db0f1d2d879ceeef363cf5a065c8915:118"
}
duration: 0.70943s

05-20-2020 @ 12:07:09 - Response
code: 200
message:
headers: Array
(
    [0] => HTTP/2 200
    [date] => Wed, 20 May 2020 16:07:09 GMT
    [frame-options] => DENY
    [x-frame-options] => DENY
    [x-content-type-options] => nosniff
    [x-xss-protection] => 1; mode=block
    [content-type] => application/json;charset=utf-8
    [square-version] => 2019-08-14
    [vary] => Accept-Encoding, User-Agent
    [strict-transport-security] => max-age=631152000; includeSubDomains; preload
)
body: {
    "order": {
        "id": "tn9sDpJzmq8SphrIVewfcMIZse4F",
        "location_id": "8HDN7TNTTCXX6",
        "reference_id": "118",
        "source": {
            "name": "Sandbox for sq0idp-gRf8qWctHlppoJEs_Xm28w"
        },
        "line_items": [
            {
                "uid": "8Jkxe3yoLnGKAOFsunzpMC",
                "name": "B-Work from Home",
                "quantity": "1",
                "base_price_money": {
                    "amount": 1500,
                    "currency": "CAD"
                },
                "variation_total_price_money": {
                    "amount": 1500,
                    "currency": "CAD"
                },
                "gross_sales_money": {
                    "amount": 1500,
                    "currency": "CAD"
                },
                "total_tax_money": {
                    "amount": 0,
                    "currency": "CAD"
                },
                "total_discount_money": {
                    "amount": 0,
                    "currency": "CAD"
                },
                "total_money": {
                    "amount": 1500,
                    "currency": "CAD"
                }
            }
        ],
        "net_amounts": {
            "total_money": {
                "amount": 1500,
                "currency": "CAD"
            },
            "tax_money": {
                "amount": 0,
                "currency": "CAD"
            },
            "discount_money": {
                "amount": 0,
                "currency": "CAD"
            },
            "tip_money": {
                "amount": 0,
                "currency": "CAD"
            },
            "service_charge_money": {
                "amount": 0,
                "currency": "CAD"
            }
        },
        "created_at": "2020-05-20T16:07:09.326Z",
        "updated_at": "2020-05-20T16:07:09.326Z",
        "state": "OPEN",
        "version": 1,
        "total_money": {
            "amount": 1500,
            "currency": "CAD"
        },
        "total_tax_money": {
            "amount": 0,
            "currency": "CAD"
        },
        "total_discount_money": {
            "amount": 0,
            "currency": "CAD"
        },
        "total_service_charge_money": {
            "amount": 0,
            "currency": "CAD"
        }
    }
}

05-20-2020 @ 12:07:10 - Request
method:
uri: chargeWithHttpInfo/8HDN7TNTTCXX6
user-agent: WooCommerce-Square/2.1.4 (WooCommerce/4.1.0; WordPress/5.4.1)
headers: Array
(
)
body: {
    "idempotency_key": "6db0f1d2d879ceeef363cf5a065c8915:118",
    "amount_money": {
        "amount": 1500,
        "currency": "CAD"
    },
    "card_nonce": "cnon:CBASEC8B0w-3xfpZs5xpIBLjTkM",
    "delay_capture": false,
    "reference_id": "118",
    "note": "BUSINESS1 - Order 118",
    "customer_id": "Y82YE25Q9GSKS72EXY1H824E9M",
    "billing_address": {
        "address_line_1": "256 Carling",
        "address_line_2": "",
        "locality": "Ottawa",
        "administrative_district_level_1": "ON",
        "postal_code": "K2A 0Y2",
        "country": "CA",
        "first_name": "Sam",
        "last_name": "Anderson",
        "organization": ""
    },
    "buyer_email_address": "schmidtandeson@gmail.com",
    "order_id": "tn9sDpJzmq8SphrIVewfcMIZse4F",
    "verification_token": "verf:3af6c6f0-ca38-4ccc-bb2e-0dbb183b400f"
}
duration: 1.01212s

05-20-2020 @ 12:07:10 - Response
code: 200
message:
headers: Array
(
    [0] => HTTP/2 200
    [content-type] => application/json
    [square-version] => 2019-08-14
    [vary] => Origin, Accept-Encoding
    [x-content-type-options] => nosniff
    [x-download-options] => noopen
    [x-frame-options] => SAMEORIGIN
    [x-permitted-cross-domain-policies] => none
    [x-xss-protection] => 1; mode=block
    [date] => Wed, 20 May 2020 16:07:10 GMT
    [content-length] => 699
    [strict-transport-security] => max-age=631152000; includeSubDomains; preload
)
body: {
    "transaction": {
        "id": "tn9sDpJzmq8SphrIVewfcMIZse4F",
        "location_id": "8HDN7TNTTCXX6",
        "created_at": "2020-05-20T16:07:10Z",
        "tenders": [
            {
                "id": "xaXfkTTzlK7hAgnWGCEaYT2TvaB",
                "location_id": "8HDN7TNTTCXX6",
                "transaction_id": "tn9sDpJzmq8SphrIVewfcMIZse4F",
                "created_at": "2020-05-20T16:07:09Z",
                "note": "BUSINESS1 - Order 118",
                "amount_money": {
                    "amount": 1500,
                    "currency": "CAD"
                },
                "customer_id": "Y82YE25Q9GSKS72EXY1H824E9M",
                "type": "CARD",
                "card_details": {
                    "status": "CAPTURED",
                    "card": {
                        "card_brand": "VISA",
                        "last_4": "1111",
                        "fingerprint": "sq-1-b44pvxfHPTyKGjbJlDoo6-Y1ZQk1tSZOnT3FDxkAhnNnckkHnPqa8zRUNtUCEENyMw"
                    },
                    "entry_method": "KEYED"
                }
            }
        ],
        "reference_id": "118",
        "product": "EXTERNAL_API",
        "order_id": "tn9sDpJzmq8SphrIVewfcMIZse4F"
    }
}

